#! /c/Source/iverilog-install/bin/vvp
:ivl_version "12.0 (devel)" "(s20150603-1539-g2693dd32b)";
:ivl_delay_selection "TYPICAL";
:vpi_time_precision + 0;
:vpi_module "C:\iverilog\lib\ivl\system.vpi";
:vpi_module "C:\iverilog\lib\ivl\vhdl_sys.vpi";
:vpi_module "C:\iverilog\lib\ivl\vhdl_textio.vpi";
:vpi_module "C:\iverilog\lib\ivl\v2005_math.vpi";
:vpi_module "C:\iverilog\lib\ivl\va_math.vpi";
S_0000023c08662ce0 .scope module, "sign_extender" "sign_extender" 2 1;
 .timescale 0 0;
    .port_info 0 /INPUT 32 "INSTRUCTION";
    .port_info 1 /OUTPUT 32 "IMMEDIATE";
v0000023c08663c30_0 .var "IMMEDIATE", 31 0;
o0000023c08697fd8 .functor BUFZ 32, C4<zzzzzzzzzzzzzzzzzzzzzzzzzzzzzzzz>; HiZ drive
v0000023c08662e70_0 .net "INSTRUCTION", 31 0, o0000023c08697fd8;  0 drivers
v0000023c08662f10_0 .net "OPCODE", 6 0, L_0000023c08662fb0;  1 drivers
E_0000023c0864ab10 .event anyedge, v0000023c08662f10_0, v0000023c08662e70_0;
L_0000023c08662fb0 .part o0000023c08697fd8, 0, 7;
    .scope S_0000023c08662ce0;
T_0 ;
    %wait E_0000023c0864ab10;
    %load/vec4 v0000023c08662f10_0;
    %dup/vec4;
    %pushi/vec4 3, 0, 7;
    %cmp/u;
    %jmp/1 T_0.0, 6;
    %dup/vec4;
    %pushi/vec4 19, 0, 7;
    %cmp/u;
    %jmp/1 T_0.1, 6;
    %dup/vec4;
    %pushi/vec4 103, 0, 7;
    %cmp/u;
    %jmp/1 T_0.2, 6;
    %dup/vec4;
    %pushi/vec4 35, 0, 7;
    %cmp/u;
    %jmp/1 T_0.3, 6;
    %dup/vec4;
    %pushi/vec4 55, 0, 7;
    %cmp/u;
    %jmp/1 T_0.4, 6;
    %dup/vec4;
    %pushi/vec4 23, 0, 7;
    %cmp/u;
    %jmp/1 T_0.5, 6;
    %dup/vec4;
    %pushi/vec4 99, 0, 7;
    %cmp/u;
    %jmp/1 T_0.6, 6;
    %dup/vec4;
    %pushi/vec4 111, 0, 7;
    %cmp/u;
    %jmp/1 T_0.7, 6;
    %pushi/vec4 0, 0, 32;
    %store/vec4 v0000023c08663c30_0, 0, 32;
    %jmp T_0.9;
T_0.0 ;
    %load/vec4 v0000023c08662e70_0;
    %parti/s 1, 31, 6;
    %replicate 20;
    %load/vec4 v0000023c08662e70_0;
    %parti/s 12, 20, 6;
    %concat/vec4; draw_concat_vec4
    %store/vec4 v0000023c08663c30_0, 0, 32;
    %jmp T_0.9;
T_0.1 ;
    %load/vec4 v0000023c08662e70_0;
    %parti/s 1, 31, 6;
    %replicate 20;
    %load/vec4 v0000023c08662e70_0;
    %parti/s 12, 20, 6;
    %concat/vec4; draw_concat_vec4
    %store/vec4 v0000023c08663c30_0, 0, 32;
    %jmp T_0.9;
T_0.2 ;
    %load/vec4 v0000023c08662e70_0;
    %parti/s 1, 31, 6;
    %replicate 20;
    %load/vec4 v0000023c08662e70_0;
    %parti/s 12, 20, 6;
    %concat/vec4; draw_concat_vec4
    %store/vec4 v0000023c08663c30_0, 0, 32;
    %jmp T_0.9;
T_0.3 ;
    %load/vec4 v0000023c08662e70_0;
    %parti/s 1, 31, 6;
    %replicate 20;
    %load/vec4 v0000023c08662e70_0;
    %parti/s 7, 25, 6;
    %concat/vec4; draw_concat_vec4
    %load/vec4 v0000023c08662e70_0;
    %parti/s 5, 7, 4;
    %concat/vec4; draw_concat_vec4
    %store/vec4 v0000023c08663c30_0, 0, 32;
    %jmp T_0.9;
T_0.4 ;
    %load/vec4 v0000023c08662e70_0;
    %parti/s 20, 12, 5;
    %concati/vec4 0, 0, 12;
    %store/vec4 v0000023c08663c30_0, 0, 32;
    %jmp T_0.9;
T_0.5 ;
    %load/vec4 v0000023c08662e70_0;
    %parti/s 20, 12, 5;
    %concati/vec4 0, 0, 12;
    %store/vec4 v0000023c08663c30_0, 0, 32;
    %jmp T_0.9;
T_0.6 ;
    %load/vec4 v0000023c08662e70_0;
    %parti/s 1, 31, 6;
    %replicate 19;
    %load/vec4 v0000023c08662e70_0;
    %parti/s 1, 31, 6;
    %concat/vec4; draw_concat_vec4
    %load/vec4 v0000023c08662e70_0;
    %parti/s 1, 7, 4;
    %concat/vec4; draw_concat_vec4
    %load/vec4 v0000023c08662e70_0;
    %parti/s 6, 25, 6;
    %concat/vec4; draw_concat_vec4
    %load/vec4 v0000023c08662e70_0;
    %parti/s 4, 8, 5;
    %concat/vec4; draw_concat_vec4
    %concati/vec4 0, 0, 1;
    %store/vec4 v0000023c08663c30_0, 0, 32;
    %jmp T_0.9;
T_0.7 ;
    %load/vec4 v0000023c08662e70_0;
    %parti/s 1, 31, 6;
    %replicate 11;
    %load/vec4 v0000023c08662e70_0;
    %parti/s 1, 31, 6;
    %concat/vec4; draw_concat_vec4
    %load/vec4 v0000023c08662e70_0;
    %parti/s 8, 12, 5;
    %concat/vec4; draw_concat_vec4
    %load/vec4 v0000023c08662e70_0;
    %parti/s 1, 20, 6;
    %concat/vec4; draw_concat_vec4
    %load/vec4 v0000023c08662e70_0;
    %parti/s 10, 21, 6;
    %concat/vec4; draw_concat_vec4
    %concati/vec4 0, 0, 1;
    %store/vec4 v0000023c08663c30_0, 0, 32;
    %jmp T_0.9;
T_0.9 ;
    %pop/vec4 1;
    %jmp T_0;
    .thread T_0, $push;
# The file index is used to find the file name in the following table.
:file_names 3;
    "N/A";
    "<interactive>";
    "sign_extender.v";
