#! /c/Source/iverilog-install/bin/vvp
:ivl_version "12.0 (devel)" "(s20150603-1539-g2693dd32b)";
:ivl_delay_selection "TYPICAL";
:vpi_time_precision - 12;
:vpi_module "C:\iverilog\lib\ivl\system.vpi";
:vpi_module "C:\iverilog\lib\ivl\vhdl_sys.vpi";
:vpi_module "C:\iverilog\lib\ivl\vhdl_textio.vpi";
:vpi_module "C:\iverilog\lib\ivl\v2005_math.vpi";
:vpi_module "C:\iverilog\lib\ivl\va_math.vpi";
S_000002821b282b70 .scope module, "alu_control_unit_tb" "alu_control_unit_tb" 2 4;
 .timescale -9 -12;
v000002821b26b8c0_0 .net "ALU_CONTROL", 4 0, v000002821b233510_0;  1 drivers
v000002821b26b960_0 .var "ALU_OP", 2 0;
v000002821b26ba00_0 .var "FUNC3", 2 0;
v000002821b26baa0_0 .var "FUNC7", 6 0;
S_000002821b261410 .scope module, "uut" "alu_control_unit" 2 13, 3 1 0, S_000002821b282b70;
 .timescale 0 0;
    .port_info 0 /INPUT 7 "FUNC7";
    .port_info 1 /INPUT 3 "FUNC3";
    .port_info 2 /INPUT 3 "ALU_OP";
    .port_info 3 /OUTPUT 5 "ALU_CONTROL";
v000002821b233510_0 .var "ALU_CONTROL", 4 0;
v000002821b21ca30_0 .net "ALU_OP", 2 0, v000002821b26b960_0;  1 drivers
v000002821b2615a0_0 .net "FUNC3", 2 0, v000002821b26ba00_0;  1 drivers
v000002821b261640_0 .net "FUNC7", 6 0, v000002821b26baa0_0;  1 drivers
E_000002821b2560c0 .event anyedge, v000002821b21ca30_0, v000002821b2615a0_0, v000002821b261640_0;
    .scope S_000002821b261410;
T_0 ;
    %wait E_000002821b2560c0;
    %load/vec4 v000002821b21ca30_0;
    %dup/vec4;
    %pushi/vec4 0, 0, 3;
    %cmp/u;
    %jmp/1 T_0.0, 6;
    %dup/vec4;
    %pushi/vec4 1, 0, 3;
    %cmp/u;
    %jmp/1 T_0.1, 6;
    %dup/vec4;
    %pushi/vec4 2, 0, 3;
    %cmp/u;
    %jmp/1 T_0.2, 6;
    %dup/vec4;
    %pushi/vec4 3, 0, 3;
    %cmp/u;
    %jmp/1 T_0.3, 6;
    %dup/vec4;
    %pushi/vec4 4, 0, 3;
    %cmp/u;
    %jmp/1 T_0.4, 6;
    %dup/vec4;
    %pushi/vec4 5, 0, 3;
    %cmp/u;
    %jmp/1 T_0.5, 6;
    %dup/vec4;
    %pushi/vec4 6, 0, 3;
    %cmp/u;
    %jmp/1 T_0.6, 6;
    %pushi/vec4 31, 0, 5;
    %store/vec4 v000002821b233510_0, 0, 5;
    %jmp T_0.8;
T_0.0 ;
    %load/vec4 v000002821b2615a0_0;
    %load/vec4 v000002821b261640_0;
    %concat/vec4; draw_concat_vec4
    %dup/vec4;
    %pushi/vec4 0, 0, 10;
    %cmp/u;
    %jmp/1 T_0.9, 6;
    %dup/vec4;
    %pushi/vec4 32, 0, 10;
    %cmp/u;
    %jmp/1 T_0.10, 6;
    %dup/vec4;
    %pushi/vec4 896, 0, 10;
    %cmp/u;
    %jmp/1 T_0.11, 6;
    %dup/vec4;
    %pushi/vec4 768, 0, 10;
    %cmp/u;
    %jmp/1 T_0.12, 6;
    %dup/vec4;
    %pushi/vec4 128, 0, 10;
    %cmp/u;
    %jmp/1 T_0.13, 6;
    %dup/vec4;
    %pushi/vec4 256, 0, 10;
    %cmp/u;
    %jmp/1 T_0.14, 6;
    %dup/vec4;
    %pushi/vec4 384, 0, 10;
    %cmp/u;
    %jmp/1 T_0.15, 6;
    %dup/vec4;
    %pushi/vec4 512, 0, 10;
    %cmp/u;
    %jmp/1 T_0.16, 6;
    %dup/vec4;
    %pushi/vec4 640, 0, 10;
    %cmp/u;
    %jmp/1 T_0.17, 6;
    %dup/vec4;
    %pushi/vec4 672, 0, 10;
    %cmp/u;
    %jmp/1 T_0.18, 6;
    %dup/vec4;
    %pushi/vec4 1, 0, 10;
    %cmp/u;
    %jmp/1 T_0.19, 6;
    %dup/vec4;
    %pushi/vec4 129, 0, 10;
    %cmp/u;
    %jmp/1 T_0.20, 6;
    %dup/vec4;
    %pushi/vec4 257, 0, 10;
    %cmp/u;
    %jmp/1 T_0.21, 6;
    %dup/vec4;
    %pushi/vec4 385, 0, 10;
    %cmp/u;
    %jmp/1 T_0.22, 6;
    %dup/vec4;
    %pushi/vec4 513, 0, 10;
    %cmp/u;
    %jmp/1 T_0.23, 6;
    %dup/vec4;
    %pushi/vec4 641, 0, 10;
    %cmp/u;
    %jmp/1 T_0.24, 6;
    %dup/vec4;
    %pushi/vec4 769, 0, 10;
    %cmp/u;
    %jmp/1 T_0.25, 6;
    %dup/vec4;
    %pushi/vec4 897, 0, 10;
    %cmp/u;
    %jmp/1 T_0.26, 6;
    %pushi/vec4 31, 0, 5;
    %store/vec4 v000002821b233510_0, 0, 5;
    %jmp T_0.28;
T_0.9 ;
    %pushi/vec4 2, 0, 5;
    %store/vec4 v000002821b233510_0, 0, 5;
    %jmp T_0.28;
T_0.10 ;
    %pushi/vec4 3, 0, 5;
    %store/vec4 v000002821b233510_0, 0, 5;
    %jmp T_0.28;
T_0.11 ;
    %pushi/vec4 0, 0, 5;
    %store/vec4 v000002821b233510_0, 0, 5;
    %jmp T_0.28;
T_0.12 ;
    %pushi/vec4 1, 0, 5;
    %store/vec4 v000002821b233510_0, 0, 5;
    %jmp T_0.28;
T_0.13 ;
    %pushi/vec4 4, 0, 5;
    %store/vec4 v000002821b233510_0, 0, 5;
    %jmp T_0.28;
T_0.14 ;
    %pushi/vec4 5, 0, 5;
    %store/vec4 v000002821b233510_0, 0, 5;
    %jmp T_0.28;
T_0.15 ;
    %pushi/vec4 6, 0, 5;
    %store/vec4 v000002821b233510_0, 0, 5;
    %jmp T_0.28;
T_0.16 ;
    %pushi/vec4 7, 0, 5;
    %store/vec4 v000002821b233510_0, 0, 5;
    %jmp T_0.28;
T_0.17 ;
    %pushi/vec4 8, 0, 5;
    %store/vec4 v000002821b233510_0, 0, 5;
    %jmp T_0.28;
T_0.18 ;
    %pushi/vec4 9, 0, 5;
    %store/vec4 v000002821b233510_0, 0, 5;
    %jmp T_0.28;
T_0.19 ;
    %pushi/vec4 10, 0, 5;
    %store/vec4 v000002821b233510_0, 0, 5;
    %jmp T_0.28;
T_0.20 ;
    %pushi/vec4 11, 0, 5;
    %store/vec4 v000002821b233510_0, 0, 5;
    %jmp T_0.28;
T_0.21 ;
    %pushi/vec4 12, 0, 5;
    %store/vec4 v000002821b233510_0, 0, 5;
    %jmp T_0.28;
T_0.22 ;
    %pushi/vec4 13, 0, 5;
    %store/vec4 v000002821b233510_0, 0, 5;
    %jmp T_0.28;
T_0.23 ;
    %pushi/vec4 14, 0, 5;
    %store/vec4 v000002821b233510_0, 0, 5;
    %jmp T_0.28;
T_0.24 ;
    %pushi/vec4 15, 0, 5;
    %store/vec4 v000002821b233510_0, 0, 5;
    %jmp T_0.28;
T_0.25 ;
    %pushi/vec4 16, 0, 5;
    %store/vec4 v000002821b233510_0, 0, 5;
    %jmp T_0.28;
T_0.26 ;
    %pushi/vec4 17, 0, 5;
    %store/vec4 v000002821b233510_0, 0, 5;
    %jmp T_0.28;
T_0.28 ;
    %pop/vec4 1;
    %jmp T_0.8;
T_0.1 ;
    %pushi/vec4 2, 0, 5;
    %store/vec4 v000002821b233510_0, 0, 5;
    %jmp T_0.8;
T_0.2 ;
    %pushi/vec4 2, 0, 5;
    %store/vec4 v000002821b233510_0, 0, 5;
    %jmp T_0.8;
T_0.3 ;
    %load/vec4 v000002821b2615a0_0;
    %dup/vec4;
    %pushi/vec4 0, 0, 3;
    %cmp/u;
    %jmp/1 T_0.29, 6;
    %dup/vec4;
    %pushi/vec4 2, 0, 3;
    %cmp/u;
    %jmp/1 T_0.30, 6;
    %dup/vec4;
    %pushi/vec4 3, 0, 3;
    %cmp/u;
    %jmp/1 T_0.31, 6;
    %dup/vec4;
    %pushi/vec4 4, 0, 3;
    %cmp/u;
    %jmp/1 T_0.32, 6;
    %dup/vec4;
    %pushi/vec4 6, 0, 3;
    %cmp/u;
    %jmp/1 T_0.33, 6;
    %dup/vec4;
    %pushi/vec4 7, 0, 3;
    %cmp/u;
    %jmp/1 T_0.34, 6;
    %dup/vec4;
    %pushi/vec4 1, 0, 3;
    %cmp/u;
    %jmp/1 T_0.35, 6;
    %dup/vec4;
    %pushi/vec4 5, 0, 3;
    %cmp/u;
    %jmp/1 T_0.36, 6;
    %pushi/vec4 31, 0, 5;
    %store/vec4 v000002821b233510_0, 0, 5;
    %jmp T_0.38;
T_0.29 ;
    %pushi/vec4 2, 0, 5;
    %store/vec4 v000002821b233510_0, 0, 5;
    %jmp T_0.38;
T_0.30 ;
    %pushi/vec4 5, 0, 5;
    %store/vec4 v000002821b233510_0, 0, 5;
    %jmp T_0.38;
T_0.31 ;
    %pushi/vec4 6, 0, 5;
    %store/vec4 v000002821b233510_0, 0, 5;
    %jmp T_0.38;
T_0.32 ;
    %pushi/vec4 7, 0, 5;
    %store/vec4 v000002821b233510_0, 0, 5;
    %jmp T_0.38;
T_0.33 ;
    %pushi/vec4 1, 0, 5;
    %store/vec4 v000002821b233510_0, 0, 5;
    %jmp T_0.38;
T_0.34 ;
    %pushi/vec4 0, 0, 5;
    %store/vec4 v000002821b233510_0, 0, 5;
    %jmp T_0.38;
T_0.35 ;
    %load/vec4 v000002821b261640_0;
    %cmpi/e 0, 0, 7;
    %jmp/0xz  T_0.39, 4;
    %pushi/vec4 4, 0, 5;
    %store/vec4 v000002821b233510_0, 0, 5;
    %jmp T_0.40;
T_0.39 ;
    %pushi/vec4 31, 0, 5;
    %store/vec4 v000002821b233510_0, 0, 5;
T_0.40 ;
    %jmp T_0.38;
T_0.36 ;
    %load/vec4 v000002821b261640_0;
    %cmpi/e 0, 0, 7;
    %jmp/0xz  T_0.41, 4;
    %pushi/vec4 8, 0, 5;
    %store/vec4 v000002821b233510_0, 0, 5;
    %jmp T_0.42;
T_0.41 ;
    %load/vec4 v000002821b261640_0;
    %cmpi/e 32, 0, 7;
    %jmp/0xz  T_0.43, 4;
    %pushi/vec4 9, 0, 5;
    %store/vec4 v000002821b233510_0, 0, 5;
    %jmp T_0.44;
T_0.43 ;
    %pushi/vec4 31, 0, 5;
    %store/vec4 v000002821b233510_0, 0, 5;
T_0.44 ;
T_0.42 ;
    %jmp T_0.38;
T_0.38 ;
    %pop/vec4 1;
    %jmp T_0.8;
T_0.4 ;
    %pushi/vec4 2, 0, 5;
    %store/vec4 v000002821b233510_0, 0, 5;
    %jmp T_0.8;
T_0.5 ;
    %pushi/vec4 18, 0, 5;
    %store/vec4 v000002821b233510_0, 0, 5;
    %jmp T_0.8;
T_0.6 ;
    %pushi/vec4 2, 0, 5;
    %store/vec4 v000002821b233510_0, 0, 5;
    %jmp T_0.8;
T_0.8 ;
    %pop/vec4 1;
    %jmp T_0;
    .thread T_0, $push;
    .scope S_000002821b282b70;
T_1 ;
    %vpi_call 2 21 "$display", "Testing ALU Control Unit" {0 0 0};
    %pushi/vec4 0, 0, 3;
    %store/vec4 v000002821b26ba00_0, 0, 3;
    %pushi/vec4 0, 0, 7;
    %store/vec4 v000002821b26baa0_0, 0, 7;
    %pushi/vec4 0, 0, 3;
    %store/vec4 v000002821b26b960_0, 0, 3;
    %delay 10000, 0;
    %vpi_call 2 24 "$display", "ADD: ALU_CONTROL = %b", v000002821b26b8c0_0 {0 0 0};
    %pushi/vec4 0, 0, 3;
    %store/vec4 v000002821b26ba00_0, 0, 3;
    %pushi/vec4 32, 0, 7;
    %store/vec4 v000002821b26baa0_0, 0, 7;
    %pushi/vec4 0, 0, 3;
    %store/vec4 v000002821b26b960_0, 0, 3;
    %delay 10000, 0;
    %vpi_call 2 27 "$display", "SUB: ALU_CONTROL = %b", v000002821b26b8c0_0 {0 0 0};
    %pushi/vec4 7, 0, 3;
    %store/vec4 v000002821b26ba00_0, 0, 3;
    %pushi/vec4 0, 0, 7;
    %store/vec4 v000002821b26baa0_0, 0, 7;
    %pushi/vec4 0, 0, 3;
    %store/vec4 v000002821b26b960_0, 0, 3;
    %delay 10000, 0;
    %vpi_call 2 30 "$display", "AND: ALU_CONTROL = %b", v000002821b26b8c0_0 {0 0 0};
    %pushi/vec4 6, 0, 3;
    %store/vec4 v000002821b26ba00_0, 0, 3;
    %pushi/vec4 0, 0, 7;
    %store/vec4 v000002821b26baa0_0, 0, 7;
    %pushi/vec4 0, 0, 3;
    %store/vec4 v000002821b26b960_0, 0, 3;
    %delay 10000, 0;
    %vpi_call 2 33 "$display", "OR: ALU_CONTROL = %b", v000002821b26b8c0_0 {0 0 0};
    %pushi/vec4 1, 0, 3;
    %store/vec4 v000002821b26ba00_0, 0, 3;
    %pushi/vec4 0, 0, 7;
    %store/vec4 v000002821b26baa0_0, 0, 7;
    %pushi/vec4 0, 0, 3;
    %store/vec4 v000002821b26b960_0, 0, 3;
    %delay 10000, 0;
    %vpi_call 2 36 "$display", "SLL: ALU_CONTROL = %b", v000002821b26b8c0_0 {0 0 0};
    %pushi/vec4 2, 0, 3;
    %store/vec4 v000002821b26ba00_0, 0, 3;
    %pushi/vec4 0, 0, 7;
    %store/vec4 v000002821b26baa0_0, 0, 7;
    %pushi/vec4 0, 0, 3;
    %store/vec4 v000002821b26b960_0, 0, 3;
    %delay 10000, 0;
    %vpi_call 2 39 "$display", "SLT: ALU_CONTROL = %b", v000002821b26b8c0_0 {0 0 0};
    %pushi/vec4 3, 0, 3;
    %store/vec4 v000002821b26ba00_0, 0, 3;
    %pushi/vec4 0, 0, 7;
    %store/vec4 v000002821b26baa0_0, 0, 7;
    %pushi/vec4 0, 0, 3;
    %store/vec4 v000002821b26b960_0, 0, 3;
    %delay 10000, 0;
    %vpi_call 2 42 "$display", "SLTU: ALU_CONTROL = %b", v000002821b26b8c0_0 {0 0 0};
    %pushi/vec4 4, 0, 3;
    %store/vec4 v000002821b26ba00_0, 0, 3;
    %pushi/vec4 0, 0, 7;
    %store/vec4 v000002821b26baa0_0, 0, 7;
    %pushi/vec4 0, 0, 3;
    %store/vec4 v000002821b26b960_0, 0, 3;
    %delay 10000, 0;
    %vpi_call 2 45 "$display", "XOR: ALU_CONTROL = %b", v000002821b26b8c0_0 {0 0 0};
    %pushi/vec4 5, 0, 3;
    %store/vec4 v000002821b26ba00_0, 0, 3;
    %pushi/vec4 0, 0, 7;
    %store/vec4 v000002821b26baa0_0, 0, 7;
    %pushi/vec4 0, 0, 3;
    %store/vec4 v000002821b26b960_0, 0, 3;
    %delay 10000, 0;
    %vpi_call 2 48 "$display", "SRL: ALU_CONTROL = %b", v000002821b26b8c0_0 {0 0 0};
    %pushi/vec4 5, 0, 3;
    %store/vec4 v000002821b26ba00_0, 0, 3;
    %pushi/vec4 32, 0, 7;
    %store/vec4 v000002821b26baa0_0, 0, 7;
    %pushi/vec4 0, 0, 3;
    %store/vec4 v000002821b26b960_0, 0, 3;
    %delay 10000, 0;
    %vpi_call 2 51 "$display", "SRA: ALU_CONTROL = %b", v000002821b26b8c0_0 {0 0 0};
    %pushi/vec4 0, 0, 3;
    %store/vec4 v000002821b26ba00_0, 0, 3;
    %pushi/vec4 1, 0, 7;
    %store/vec4 v000002821b26baa0_0, 0, 7;
    %pushi/vec4 0, 0, 3;
    %store/vec4 v000002821b26b960_0, 0, 3;
    %delay 10000, 0;
    %vpi_call 2 54 "$display", "MUL: ALU_CONTROL = %b", v000002821b26b8c0_0 {0 0 0};
    %pushi/vec4 1, 0, 3;
    %store/vec4 v000002821b26ba00_0, 0, 3;
    %pushi/vec4 1, 0, 7;
    %store/vec4 v000002821b26baa0_0, 0, 7;
    %pushi/vec4 0, 0, 3;
    %store/vec4 v000002821b26b960_0, 0, 3;
    %delay 10000, 0;
    %vpi_call 2 57 "$display", "MULH: ALU_CONTROL = %b", v000002821b26b8c0_0 {0 0 0};
    %pushi/vec4 2, 0, 3;
    %store/vec4 v000002821b26ba00_0, 0, 3;
    %pushi/vec4 1, 0, 7;
    %store/vec4 v000002821b26baa0_0, 0, 7;
    %pushi/vec4 0, 0, 3;
    %store/vec4 v000002821b26b960_0, 0, 3;
    %delay 10000, 0;
    %vpi_call 2 60 "$display", "MULHSU: ALU_CONTROL = %b", v000002821b26b8c0_0 {0 0 0};
    %pushi/vec4 3, 0, 3;
    %store/vec4 v000002821b26ba00_0, 0, 3;
    %pushi/vec4 1, 0, 7;
    %store/vec4 v000002821b26baa0_0, 0, 7;
    %pushi/vec4 0, 0, 3;
    %store/vec4 v000002821b26b960_0, 0, 3;
    %delay 10000, 0;
    %vpi_call 2 63 "$display", "MULHU: ALU_CONTROL = %b", v000002821b26b8c0_0 {0 0 0};
    %pushi/vec4 4, 0, 3;
    %store/vec4 v000002821b26ba00_0, 0, 3;
    %pushi/vec4 1, 0, 7;
    %store/vec4 v000002821b26baa0_0, 0, 7;
    %pushi/vec4 0, 0, 3;
    %store/vec4 v000002821b26b960_0, 0, 3;
    %delay 10000, 0;
    %vpi_call 2 66 "$display", "DIV: ALU_CONTROL = %b", v000002821b26b8c0_0 {0 0 0};
    %pushi/vec4 5, 0, 3;
    %store/vec4 v000002821b26ba00_0, 0, 3;
    %pushi/vec4 1, 0, 7;
    %store/vec4 v000002821b26baa0_0, 0, 7;
    %pushi/vec4 0, 0, 3;
    %store/vec4 v000002821b26b960_0, 0, 3;
    %delay 10000, 0;
    %vpi_call 2 69 "$display", "DIVU: ALU_CONTROL = %b", v000002821b26b8c0_0 {0 0 0};
    %pushi/vec4 6, 0, 3;
    %store/vec4 v000002821b26ba00_0, 0, 3;
    %pushi/vec4 1, 0, 7;
    %store/vec4 v000002821b26baa0_0, 0, 7;
    %pushi/vec4 0, 0, 3;
    %store/vec4 v000002821b26b960_0, 0, 3;
    %delay 10000, 0;
    %vpi_call 2 72 "$display", "REM: ALU_CONTROL = %b", v000002821b26b8c0_0 {0 0 0};
    %pushi/vec4 7, 0, 3;
    %store/vec4 v000002821b26ba00_0, 0, 3;
    %pushi/vec4 1, 0, 7;
    %store/vec4 v000002821b26baa0_0, 0, 7;
    %pushi/vec4 0, 0, 3;
    %store/vec4 v000002821b26b960_0, 0, 3;
    %delay 10000, 0;
    %vpi_call 2 75 "$display", "REMU: ALU_CONTROL = %b", v000002821b26b8c0_0 {0 0 0};
    %pushi/vec4 0, 0, 3;
    %store/vec4 v000002821b26ba00_0, 0, 3;
    %pushi/vec4 0, 0, 7;
    %store/vec4 v000002821b26baa0_0, 0, 7;
    %pushi/vec4 3, 0, 3;
    %store/vec4 v000002821b26b960_0, 0, 3;
    %delay 10000, 0;
    %vpi_call 2 78 "$display", "ADDI: ALU_CONTROL = %b", v000002821b26b8c0_0 {0 0 0};
    %pushi/vec4 2, 0, 3;
    %store/vec4 v000002821b26ba00_0, 0, 3;
    %pushi/vec4 0, 0, 7;
    %store/vec4 v000002821b26baa0_0, 0, 7;
    %pushi/vec4 3, 0, 3;
    %store/vec4 v000002821b26b960_0, 0, 3;
    %delay 10000, 0;
    %vpi_call 2 81 "$display", "SLTI: ALU_CONTROL = %b", v000002821b26b8c0_0 {0 0 0};
    %pushi/vec4 3, 0, 3;
    %store/vec4 v000002821b26ba00_0, 0, 3;
    %pushi/vec4 0, 0, 7;
    %store/vec4 v000002821b26baa0_0, 0, 7;
    %pushi/vec4 3, 0, 3;
    %store/vec4 v000002821b26b960_0, 0, 3;
    %delay 10000, 0;
    %vpi_call 2 84 "$display", "SLTIU: ALU_CONTROL = %b", v000002821b26b8c0_0 {0 0 0};
    %pushi/vec4 4, 0, 3;
    %store/vec4 v000002821b26ba00_0, 0, 3;
    %pushi/vec4 0, 0, 7;
    %store/vec4 v000002821b26baa0_0, 0, 7;
    %pushi/vec4 3, 0, 3;
    %store/vec4 v000002821b26b960_0, 0, 3;
    %delay 10000, 0;
    %vpi_call 2 87 "$display", "XORI: ALU_CONTROL = %b", v000002821b26b8c0_0 {0 0 0};
    %pushi/vec4 6, 0, 3;
    %store/vec4 v000002821b26ba00_0, 0, 3;
    %pushi/vec4 0, 0, 7;
    %store/vec4 v000002821b26baa0_0, 0, 7;
    %pushi/vec4 3, 0, 3;
    %store/vec4 v000002821b26b960_0, 0, 3;
    %delay 10000, 0;
    %vpi_call 2 90 "$display", "ORI: ALU_CONTROL = %b", v000002821b26b8c0_0 {0 0 0};
    %pushi/vec4 7, 0, 3;
    %store/vec4 v000002821b26ba00_0, 0, 3;
    %pushi/vec4 0, 0, 7;
    %store/vec4 v000002821b26baa0_0, 0, 7;
    %pushi/vec4 3, 0, 3;
    %store/vec4 v000002821b26b960_0, 0, 3;
    %delay 10000, 0;
    %vpi_call 2 93 "$display", "ANDI: ALU_CONTROL = %b", v000002821b26b8c0_0 {0 0 0};
    %pushi/vec4 1, 0, 3;
    %store/vec4 v000002821b26ba00_0, 0, 3;
    %pushi/vec4 0, 0, 7;
    %store/vec4 v000002821b26baa0_0, 0, 7;
    %pushi/vec4 3, 0, 3;
    %store/vec4 v000002821b26b960_0, 0, 3;
    %delay 10000, 0;
    %vpi_call 2 96 "$display", "SLLI: ALU_CONTROL = %b", v000002821b26b8c0_0 {0 0 0};
    %pushi/vec4 5, 0, 3;
    %store/vec4 v000002821b26ba00_0, 0, 3;
    %pushi/vec4 0, 0, 7;
    %store/vec4 v000002821b26baa0_0, 0, 7;
    %pushi/vec4 3, 0, 3;
    %store/vec4 v000002821b26b960_0, 0, 3;
    %delay 10000, 0;
    %vpi_call 2 99 "$display", "SRLI: ALU_CONTROL = %b", v000002821b26b8c0_0 {0 0 0};
    %pushi/vec4 5, 0, 3;
    %store/vec4 v000002821b26ba00_0, 0, 3;
    %pushi/vec4 32, 0, 7;
    %store/vec4 v000002821b26baa0_0, 0, 7;
    %pushi/vec4 3, 0, 3;
    %store/vec4 v000002821b26b960_0, 0, 3;
    %delay 10000, 0;
    %vpi_call 2 102 "$display", "SRAI: ALU_CONTROL = %b", v000002821b26b8c0_0 {0 0 0};
    %pushi/vec4 0, 0, 3;
    %store/vec4 v000002821b26ba00_0, 0, 3;
    %pushi/vec4 0, 0, 7;
    %store/vec4 v000002821b26baa0_0, 0, 7;
    %pushi/vec4 5, 0, 3;
    %store/vec4 v000002821b26b960_0, 0, 3;
    %delay 10000, 0;
    %vpi_call 2 105 "$display", "LUI: ALU_CONTROL = %b", v000002821b26b8c0_0 {0 0 0};
    %pushi/vec4 0, 0, 3;
    %store/vec4 v000002821b26ba00_0, 0, 3;
    %pushi/vec4 0, 0, 7;
    %store/vec4 v000002821b26baa0_0, 0, 7;
    %pushi/vec4 6, 0, 3;
    %store/vec4 v000002821b26b960_0, 0, 3;
    %delay 10000, 0;
    %vpi_call 2 108 "$display", "AUIPC: ALU_CONTROL = %b", v000002821b26b8c0_0 {0 0 0};
    %vpi_call 2 110 "$finish" {0 0 0};
    %end;
    .thread T_1;
# The file index is used to find the file name in the following table.
:file_names 4;
    "N/A";
    "<interactive>";
    "alu_control_unit_tb.v";
    "./../../rtl/alu_control_unit/alu_control_unit.v";
