#! /c/Source/iverilog-install/bin/vvp
:ivl_version "12.0 (devel)" "(s20150603-1539-g2693dd32b)";
:ivl_delay_selection "TYPICAL";
:vpi_time_precision + 0;
:vpi_module "C:\iverilog\lib\ivl\system.vpi";
:vpi_module "C:\iverilog\lib\ivl\vhdl_sys.vpi";
:vpi_module "C:\iverilog\lib\ivl\vhdl_textio.vpi";
:vpi_module "C:\iverilog\lib\ivl\v2005_math.vpi";
:vpi_module "C:\iverilog\lib\ivl\va_math.vpi";
S_0000017b239ec970 .scope module, "sign_extender_tb" "sign_extender_tb" 2 3;
 .timescale 0 0;
v0000017b23a2d2d0_0 .net "IMMEDIATE", 31 0, v0000017b23a27c90_0;  1 drivers
v0000017b23a2d370_0 .var "INSTRUCTION", 31 0;
S_0000017b23a2aec0 .scope module, "sign_extender" "sign_extender" 2 10, 3 1 0, S_0000017b239ec970;
 .timescale 0 0;
    .port_info 0 /INPUT 32 "INSTRUCTION";
    .port_info 1 /OUTPUT 32 "IMMEDIATE";
v0000017b23a27c90_0 .var "IMMEDIATE", 31 0;
v0000017b23a26610_0 .net "INSTRUCTION", 31 0, v0000017b23a2d370_0;  1 drivers
v0000017b23a2d230_0 .net "OPCODE", 6 0, L_0000017b23a2d410;  1 drivers
E_0000017b23a29780 .event anyedge, v0000017b23a2d230_0, v0000017b23a26610_0;
L_0000017b23a2d410 .part v0000017b23a2d370_0, 0, 7;
    .scope S_0000017b23a2aec0;
T_0 ;
    %wait E_0000017b23a29780;
    %load/vec4 v0000017b23a2d230_0;
    %dup/vec4;
    %pushi/vec4 3, 0, 7;
    %cmp/u;
    %jmp/1 T_0.0, 6;
    %dup/vec4;
    %pushi/vec4 19, 0, 7;
    %cmp/u;
    %jmp/1 T_0.1, 6;
    %dup/vec4;
    %pushi/vec4 103, 0, 7;
    %cmp/u;
    %jmp/1 T_0.2, 6;
    %dup/vec4;
    %pushi/vec4 35, 0, 7;
    %cmp/u;
    %jmp/1 T_0.3, 6;
    %dup/vec4;
    %pushi/vec4 55, 0, 7;
    %cmp/u;
    %jmp/1 T_0.4, 6;
    %dup/vec4;
    %pushi/vec4 23, 0, 7;
    %cmp/u;
    %jmp/1 T_0.5, 6;
    %dup/vec4;
    %pushi/vec4 99, 0, 7;
    %cmp/u;
    %jmp/1 T_0.6, 6;
    %dup/vec4;
    %pushi/vec4 111, 0, 7;
    %cmp/u;
    %jmp/1 T_0.7, 6;
    %pushi/vec4 0, 0, 32;
    %store/vec4 v0000017b23a27c90_0, 0, 32;
    %jmp T_0.9;
T_0.0 ;
    %load/vec4 v0000017b23a26610_0;
    %parti/s 1, 31, 6;
    %replicate 20;
    %load/vec4 v0000017b23a26610_0;
    %parti/s 12, 20, 6;
    %concat/vec4; draw_concat_vec4
    %store/vec4 v0000017b23a27c90_0, 0, 32;
    %jmp T_0.9;
T_0.1 ;
    %load/vec4 v0000017b23a26610_0;
    %parti/s 1, 31, 6;
    %replicate 20;
    %load/vec4 v0000017b23a26610_0;
    %parti/s 12, 20, 6;
    %concat/vec4; draw_concat_vec4
    %store/vec4 v0000017b23a27c90_0, 0, 32;
    %jmp T_0.9;
T_0.2 ;
    %load/vec4 v0000017b23a26610_0;
    %parti/s 1, 31, 6;
    %replicate 20;
    %load/vec4 v0000017b23a26610_0;
    %parti/s 12, 20, 6;
    %concat/vec4; draw_concat_vec4
    %store/vec4 v0000017b23a27c90_0, 0, 32;
    %jmp T_0.9;
T_0.3 ;
    %load/vec4 v0000017b23a26610_0;
    %parti/s 1, 31, 6;
    %replicate 20;
    %load/vec4 v0000017b23a26610_0;
    %parti/s 7, 25, 6;
    %concat/vec4; draw_concat_vec4
    %load/vec4 v0000017b23a26610_0;
    %parti/s 5, 7, 4;
    %concat/vec4; draw_concat_vec4
    %store/vec4 v0000017b23a27c90_0, 0, 32;
    %jmp T_0.9;
T_0.4 ;
    %load/vec4 v0000017b23a26610_0;
    %parti/s 20, 12, 5;
    %concati/vec4 0, 0, 12;
    %store/vec4 v0000017b23a27c90_0, 0, 32;
    %jmp T_0.9;
T_0.5 ;
    %load/vec4 v0000017b23a26610_0;
    %parti/s 20, 12, 5;
    %concati/vec4 0, 0, 12;
    %store/vec4 v0000017b23a27c90_0, 0, 32;
    %jmp T_0.9;
T_0.6 ;
    %load/vec4 v0000017b23a26610_0;
    %parti/s 1, 31, 6;
    %replicate 19;
    %load/vec4 v0000017b23a26610_0;
    %parti/s 1, 31, 6;
    %concat/vec4; draw_concat_vec4
    %load/vec4 v0000017b23a26610_0;
    %parti/s 1, 7, 4;
    %concat/vec4; draw_concat_vec4
    %load/vec4 v0000017b23a26610_0;
    %parti/s 6, 25, 6;
    %concat/vec4; draw_concat_vec4
    %load/vec4 v0000017b23a26610_0;
    %parti/s 4, 8, 5;
    %concat/vec4; draw_concat_vec4
    %concati/vec4 0, 0, 1;
    %store/vec4 v0000017b23a27c90_0, 0, 32;
    %jmp T_0.9;
T_0.7 ;
    %load/vec4 v0000017b23a26610_0;
    %parti/s 1, 31, 6;
    %replicate 11;
    %load/vec4 v0000017b23a26610_0;
    %parti/s 1, 31, 6;
    %concat/vec4; draw_concat_vec4
    %load/vec4 v0000017b23a26610_0;
    %parti/s 8, 12, 5;
    %concat/vec4; draw_concat_vec4
    %load/vec4 v0000017b23a26610_0;
    %parti/s 1, 20, 6;
    %concat/vec4; draw_concat_vec4
    %load/vec4 v0000017b23a26610_0;
    %parti/s 10, 21, 6;
    %concat/vec4; draw_concat_vec4
    %concati/vec4 0, 0, 1;
    %store/vec4 v0000017b23a27c90_0, 0, 32;
    %jmp T_0.9;
T_0.9 ;
    %pop/vec4 1;
    %jmp T_0;
    .thread T_0, $push;
    .scope S_0000017b239ec970;
T_1 ;
    %vpi_call 2 17 "$dumpfile", "sign_extender_tb.vcd" {0 0 0};
    %vpi_call 2 18 "$dumpvars", 32'sb00000000000000000000000000000000, S_0000017b239ec970 {0 0 0};
    %pushi/vec4 2147483779, 0, 32;
    %store/vec4 v0000017b23a2d370_0, 0, 32;
    %delay 10, 0;
    %load/vec4 v0000017b23a2d2d0_0;
    %cmpi/ne 4294965248, 0, 32;
    %jmp/0xz  T_1.0, 6;
    %vpi_call 2 24 "$display", "Test 1 Failed: I-type (load) - Expected 0xFFFFF800, Got %h", v0000017b23a2d2d0_0 {0 0 0};
    %jmp T_1.1;
T_1.0 ;
    %vpi_call 2 26 "$display", "Test 1 Passed: I-type (load)" {0 0 0};
T_1.1 ;
    %pushi/vec4 1048723, 0, 32;
    %store/vec4 v0000017b23a2d370_0, 0, 32;
    %delay 10, 0;
    %load/vec4 v0000017b23a2d2d0_0;
    %cmpi/ne 1, 0, 32;
    %jmp/0xz  T_1.2, 6;
    %vpi_call 2 32 "$display", "Test 2 Failed: I-type (addi) - Expected 0x00000001, Got %h", v0000017b23a2d2d0_0 {0 0 0};
    %jmp T_1.3;
T_1.2 ;
    %vpi_call 2 34 "$display", "Test 2 Passed: I-type (addi)" {0 0 0};
T_1.3 ;
    %pushi/vec4 4293918951, 0, 32;
    %store/vec4 v0000017b23a2d370_0, 0, 32;
    %delay 10, 0;
    %load/vec4 v0000017b23a2d2d0_0;
    %cmpi/ne 4294967295, 0, 32;
    %jmp/0xz  T_1.4, 6;
    %vpi_call 2 40 "$display", "Test 3 Failed: I-type (jalr) - Expected 0xFFFFFFFF, Got %h", v0000017b23a2d2d0_0 {0 0 0};
    %jmp T_1.5;
T_1.4 ;
    %vpi_call 2 42 "$display", "Test 3 Passed: I-type (jalr)" {0 0 0};
T_1.5 ;
    %pushi/vec4 2148540579, 0, 32;
    %store/vec4 v0000017b23a2d370_0, 0, 32;
    %delay 10, 0;
    %load/vec4 v0000017b23a2d2d0_0;
    %cmpi/ne 4294965249, 0, 32;
    %jmp/0xz  T_1.6, 6;
    %vpi_call 2 48 "$display", "Test 4 Failed: S-type - Expected 0xFFFFF801, Got %h", v0000017b23a2d2d0_0 {0 0 0};
    %jmp T_1.7;
T_1.6 ;
    %vpi_call 2 50 "$display", "Test 4 Passed: S-type" {0 0 0};
T_1.7 ;
    %pushi/vec4 2147483831, 0, 32;
    %store/vec4 v0000017b23a2d370_0, 0, 32;
    %delay 10, 0;
    %load/vec4 v0000017b23a2d2d0_0;
    %cmpi/ne 2147483648, 0, 32;
    %jmp/0xz  T_1.8, 6;
    %vpi_call 2 56 "$display", "Test 5 Failed: U-type (LUI) - Expected 0x80000000, Got %h", v0000017b23a2d2d0_0 {0 0 0};
    %jmp T_1.9;
T_1.8 ;
    %vpi_call 2 58 "$display", "Test 5 Passed: U-type (LUI)" {0 0 0};
T_1.9 ;
    %pushi/vec4 15728791, 0, 32;
    %store/vec4 v0000017b23a2d370_0, 0, 32;
    %delay 10, 0;
    %load/vec4 v0000017b23a2d2d0_0;
    %cmpi/ne 15728640, 0, 32;
    %jmp/0xz  T_1.10, 6;
    %vpi_call 2 64 "$display", "Test 6 Failed: U-type (AUIPC) - Expected 0x00F00000, Got %h", v0000017b23a2d2d0_0 {0 0 0};
    %jmp T_1.11;
T_1.10 ;
    %vpi_call 2 66 "$display", "Test 6 Passed: U-type (AUIPC)" {0 0 0};
T_1.11 ;
    %pushi/vec4 2148532579, 0, 32;
    %store/vec4 v0000017b23a2d370_0, 0, 32;
    %delay 10, 0;
    %load/vec4 v0000017b23a2d2d0_0;
    %cmpi/ne 4294963202, 0, 32;
    %jmp/0xz  T_1.12, 6;
    %vpi_call 2 74 "$display", "Test 7 Failed: B-type - Expected 0xFFFFF002, Got %h", v0000017b23a2d2d0_0 {0 0 0};
    %jmp T_1.13;
T_1.12 ;
    %vpi_call 2 76 "$display", "Test 7 Passed: B-type" {0 0 0};
T_1.13 ;
    %pushi/vec4 2148012271, 0, 32;
    %store/vec4 v0000017b23a2d370_0, 0, 32;
    %delay 10, 0;
    %load/vec4 v0000017b23a2d2d0_0;
    %cmpi/ne 4294447104, 0, 32;
    %jmp/0xz  T_1.14, 6;
    %vpi_call 2 84 "$display", "Test 8 Failed: J-type - Expected 0xFFF81000, Got %h", v0000017b23a2d2d0_0 {0 0 0};
    %jmp T_1.15;
T_1.14 ;
    %vpi_call 2 86 "$display", "Test 8 Passed: J-type" {0 0 0};
T_1.15 ;
    %pushi/vec4 4294967294, 0, 32;
    %store/vec4 v0000017b23a2d370_0, 0, 32;
    %delay 10, 0;
    %load/vec4 v0000017b23a2d2d0_0;
    %cmpi/ne 0, 0, 32;
    %jmp/0xz  T_1.16, 6;
    %vpi_call 2 92 "$display", "Test 9 Failed: Default case - Expected 0x00000000, Got %h", v0000017b23a2d2d0_0 {0 0 0};
    %jmp T_1.17;
T_1.16 ;
    %vpi_call 2 94 "$display", "Test 9 Passed: Default case" {0 0 0};
T_1.17 ;
    %delay 20, 0;
    %vpi_call 2 97 "$display", "All tests completed!" {0 0 0};
    %vpi_call 2 98 "$finish" {0 0 0};
    %end;
    .thread T_1;
# The file index is used to find the file name in the following table.
:file_names 4;
    "N/A";
    "<interactive>";
    "sign_extender_tb.v";
    "./../../rtl/sign_extender/sign_extender.v";
