#! /c/Source/iverilog-install/bin/vvp
:ivl_version "12.0 (devel)" "(s20150603-1539-g2693dd32b)";
:ivl_delay_selection "TYPICAL";
:vpi_time_precision - 12;
:vpi_module "C:\iverilog\lib\ivl\system.vpi";
:vpi_module "C:\iverilog\lib\ivl\vhdl_sys.vpi";
:vpi_module "C:\iverilog\lib\ivl\vhdl_textio.vpi";
:vpi_module "C:\iverilog\lib\ivl\v2005_math.vpi";
:vpi_module "C:\iverilog\lib\ivl\va_math.vpi";
S_0000024a3f06c7b0 .scope module, "control_unit_tb" "control_unit_tb" 2 4;
 .timescale -9 -12;
v0000024a3f0b49b0_0 .net "BRANCH", 0 0, v0000024a3f0cc1d0_0;  1 drivers
v0000024a3f0b4a50_0 .var "FUNC3", 2 0;
v0000024a3f129510_0 .var "FUNC7", 6 0;
v0000024a3f1290b0_0 .net "JUMP", 0 0, v0000024a3f082e60_0;  1 drivers
v0000024a3f1296f0_0 .net "MEM_READ", 0 0, v0000024a3f082f00_0;  1 drivers
v0000024a3f1289d0_0 .net "MEM_WRITE", 0 0, v0000024a3f082fa0_0;  1 drivers
v0000024a3f128d90_0 .net "MUX_1_IMM_SELECT", 0 0, v0000024a3f083040_0;  1 drivers
v0000024a3f129790_0 .net "MUX_2_PC_SELECT", 0 0, v0000024a3f0830e0_0;  1 drivers
v0000024a3f128ed0_0 .net "MUX_3_JAL_SELECT", 0 0, v0000024a3f0b4730_0;  1 drivers
v0000024a3f1291f0_0 .net "MUX_4_DATA_MEM_SELECT", 0 0, v0000024a3f0b47d0_0;  1 drivers
v0000024a3f128b10_0 .var "OPCODE", 6 0;
v0000024a3f128a70_0 .net "WRITE_ENABLE", 0 0, v0000024a3f0b4910_0;  1 drivers
S_0000024a3f06c940 .scope module, "uut" "control_unit" 2 22, 3 3 0, S_0000024a3f06c7b0;
 .timescale 0 0;
    .port_info 0 /INPUT 7 "OPCODE";
    .port_info 1 /INPUT 3 "FUNC3";
    .port_info 2 /INPUT 7 "FUNC7";
    .port_info 3 /OUTPUT 1 "WRITE_ENABLE";
    .port_info 4 /OUTPUT 1 "MEM_WRITE";
    .port_info 5 /OUTPUT 1 "MEM_READ";
    .port_info 6 /OUTPUT 1 "BRANCH";
    .port_info 7 /OUTPUT 1 "JUMP";
    .port_info 8 /OUTPUT 1 "MUX_2_PC_SELECT";
    .port_info 9 /OUTPUT 1 "MUX_1_IMM_SELECT";
    .port_info 10 /OUTPUT 1 "MUX_3_JAL_SELECT";
    .port_info 11 /OUTPUT 1 "MUX_4_DATA_MEM_SELECT";
    .port_info 12 /OUTPUT 3 "ALU_OP";
v0000024a3f0834f0_0 .var "ALU_OP", 2 0;
v0000024a3f0cc1d0_0 .var "BRANCH", 0 0;
v0000024a3f082d20_0 .net "FUNC3", 2 0, v0000024a3f0b4a50_0;  1 drivers
v0000024a3f082dc0_0 .net "FUNC7", 6 0, v0000024a3f129510_0;  1 drivers
v0000024a3f082e60_0 .var "JUMP", 0 0;
v0000024a3f082f00_0 .var "MEM_READ", 0 0;
v0000024a3f082fa0_0 .var "MEM_WRITE", 0 0;
v0000024a3f083040_0 .var "MUX_1_IMM_SELECT", 0 0;
v0000024a3f0830e0_0 .var "MUX_2_PC_SELECT", 0 0;
v0000024a3f0b4730_0 .var "MUX_3_JAL_SELECT", 0 0;
v0000024a3f0b47d0_0 .var "MUX_4_DATA_MEM_SELECT", 0 0;
v0000024a3f0b4870_0 .net "OPCODE", 6 0, v0000024a3f128b10_0;  1 drivers
v0000024a3f0b4910_0 .var "WRITE_ENABLE", 0 0;
E_0000024a3f0b0200 .event anyedge, v0000024a3f0b4870_0, v0000024a3f082d20_0, v0000024a3f082dc0_0;
    .scope S_0000024a3f06c940;
T_0 ;
    %wait E_0000024a3f0b0200;
    %pushi/vec4 0, 0, 1;
    %store/vec4 v0000024a3f0b4910_0, 0, 1;
    %pushi/vec4 0, 0, 1;
    %store/vec4 v0000024a3f082fa0_0, 0, 1;
    %pushi/vec4 0, 0, 1;
    %store/vec4 v0000024a3f082f00_0, 0, 1;
    %pushi/vec4 0, 0, 1;
    %store/vec4 v0000024a3f0cc1d0_0, 0, 1;
    %pushi/vec4 0, 0, 1;
    %store/vec4 v0000024a3f082e60_0, 0, 1;
    %pushi/vec4 0, 0, 1;
    %store/vec4 v0000024a3f0830e0_0, 0, 1;
    %pushi/vec4 1, 0, 1;
    %store/vec4 v0000024a3f083040_0, 0, 1;
    %pushi/vec4 0, 0, 1;
    %store/vec4 v0000024a3f0b4730_0, 0, 1;
    %pushi/vec4 0, 0, 1;
    %store/vec4 v0000024a3f0b47d0_0, 0, 1;
    %pushi/vec4 0, 0, 3;
    %store/vec4 v0000024a3f0834f0_0, 0, 3;
    %load/vec4 v0000024a3f0b4870_0;
    %dup/vec4;
    %pushi/vec4 51, 0, 7;
    %cmp/u;
    %jmp/1 T_0.0, 6;
    %dup/vec4;
    %pushi/vec4 3, 0, 7;
    %cmp/u;
    %jmp/1 T_0.1, 6;
    %dup/vec4;
    %pushi/vec4 103, 0, 7;
    %cmp/u;
    %jmp/1 T_0.2, 6;
    %dup/vec4;
    %pushi/vec4 19, 0, 7;
    %cmp/u;
    %jmp/1 T_0.3, 6;
    %dup/vec4;
    %pushi/vec4 35, 0, 7;
    %cmp/u;
    %jmp/1 T_0.4, 6;
    %dup/vec4;
    %pushi/vec4 55, 0, 7;
    %cmp/u;
    %jmp/1 T_0.5, 6;
    %dup/vec4;
    %pushi/vec4 23, 0, 7;
    %cmp/u;
    %jmp/1 T_0.6, 6;
    %dup/vec4;
    %pushi/vec4 99, 0, 7;
    %cmp/u;
    %jmp/1 T_0.7, 6;
    %dup/vec4;
    %pushi/vec4 111, 0, 7;
    %cmp/u;
    %jmp/1 T_0.8, 6;
    %jmp T_0.9;
T_0.0 ;
    %pushi/vec4 1, 0, 1;
    %store/vec4 v0000024a3f0b4910_0, 0, 1;
    %jmp T_0.9;
T_0.1 ;
    %load/vec4 v0000024a3f082d20_0;
    %cmpi/e 0, 0, 3;
    %jmp/1 T_0.15, 4;
    %flag_mov 8, 4;
    %load/vec4 v0000024a3f082d20_0;
    %cmpi/e 1, 0, 3;
    %flag_or 4, 8;
T_0.15;
    %jmp/1 T_0.14, 4;
    %flag_mov 8, 4;
    %load/vec4 v0000024a3f082d20_0;
    %cmpi/e 2, 0, 3;
    %flag_or 4, 8;
T_0.14;
    %jmp/1 T_0.13, 4;
    %flag_mov 8, 4;
    %load/vec4 v0000024a3f082d20_0;
    %cmpi/e 4, 0, 3;
    %flag_or 4, 8;
T_0.13;
    %jmp/1 T_0.12, 4;
    %flag_mov 8, 4;
    %load/vec4 v0000024a3f082d20_0;
    %cmpi/e 5, 0, 3;
    %flag_or 4, 8;
T_0.12;
    %jmp/0xz  T_0.10, 4;
    %pushi/vec4 1, 0, 1;
    %store/vec4 v0000024a3f083040_0, 0, 1;
    %pushi/vec4 1, 0, 1;
    %store/vec4 v0000024a3f0b4910_0, 0, 1;
    %pushi/vec4 1, 0, 1;
    %store/vec4 v0000024a3f082f00_0, 0, 1;
    %pushi/vec4 1, 0, 3;
    %store/vec4 v0000024a3f0834f0_0, 0, 3;
    %pushi/vec4 1, 0, 1;
    %store/vec4 v0000024a3f0b47d0_0, 0, 1;
T_0.10 ;
    %jmp T_0.9;
T_0.2 ;
    %load/vec4 v0000024a3f082d20_0;
    %dup/vec4;
    %pushi/vec4 0, 0, 3;
    %cmp/u;
    %jmp/1 T_0.16, 6;
    %jmp T_0.17;
T_0.16 ;
    %pushi/vec4 1, 0, 1;
    %store/vec4 v0000024a3f0b4910_0, 0, 1;
    %pushi/vec4 1, 0, 1;
    %store/vec4 v0000024a3f0b4730_0, 0, 1;
    %pushi/vec4 1, 0, 1;
    %store/vec4 v0000024a3f083040_0, 0, 1;
    %pushi/vec4 1, 0, 1;
    %store/vec4 v0000024a3f082e60_0, 0, 1;
    %pushi/vec4 2, 0, 3;
    %store/vec4 v0000024a3f0834f0_0, 0, 3;
    %jmp T_0.17;
T_0.17 ;
    %pop/vec4 1;
    %jmp T_0.9;
T_0.3 ;
    %load/vec4 v0000024a3f082d20_0;
    %cmpi/e 0, 0, 3;
    %jmp/1 T_0.24, 4;
    %flag_mov 8, 4;
    %load/vec4 v0000024a3f082d20_0;
    %cmpi/e 2, 0, 3;
    %flag_or 4, 8;
T_0.24;
    %jmp/1 T_0.23, 4;
    %flag_mov 8, 4;
    %load/vec4 v0000024a3f082d20_0;
    %cmpi/e 3, 0, 3;
    %flag_or 4, 8;
T_0.23;
    %jmp/1 T_0.22, 4;
    %flag_mov 8, 4;
    %load/vec4 v0000024a3f082d20_0;
    %cmpi/e 4, 0, 3;
    %flag_or 4, 8;
T_0.22;
    %jmp/1 T_0.21, 4;
    %flag_mov 8, 4;
    %load/vec4 v0000024a3f082d20_0;
    %cmpi/e 6, 0, 3;
    %flag_or 4, 8;
T_0.21;
    %jmp/1 T_0.20, 4;
    %flag_mov 8, 4;
    %load/vec4 v0000024a3f082d20_0;
    %cmpi/e 7, 0, 3;
    %flag_or 4, 8;
T_0.20;
    %jmp/0xz  T_0.18, 4;
    %pushi/vec4 1, 0, 1;
    %store/vec4 v0000024a3f0b4910_0, 0, 1;
    %pushi/vec4 1, 0, 1;
    %store/vec4 v0000024a3f083040_0, 0, 1;
    %pushi/vec4 3, 0, 3;
    %store/vec4 v0000024a3f0834f0_0, 0, 3;
    %jmp T_0.19;
T_0.18 ;
    %load/vec4 v0000024a3f082dc0_0;
    %cmpi/e 0, 0, 7;
    %flag_get/vec4 4;
    %jmp/0 T_0.29, 4;
    %load/vec4 v0000024a3f082d20_0;
    %pushi/vec4 1, 0, 3;
    %cmp/e;
    %flag_get/vec4 4;
    %and;
T_0.29;
    %flag_set/vec4 8;
    %jmp/1 T_0.28, 8;
    %load/vec4 v0000024a3f082dc0_0;
    %cmpi/e 0, 0, 7;
    %flag_get/vec4 4;
    %jmp/0 T_0.30, 4;
    %load/vec4 v0000024a3f082d20_0;
    %pushi/vec4 5, 0, 3;
    %cmp/e;
    %flag_get/vec4 4;
    %and;
T_0.30;
    %flag_set/vec4 9;
    %flag_or 8, 9;
T_0.28;
    %jmp/1 T_0.27, 8;
    %load/vec4 v0000024a3f082dc0_0;
    %cmpi/e 32, 0, 7;
    %flag_get/vec4 4;
    %jmp/0 T_0.31, 4;
    %load/vec4 v0000024a3f082d20_0;
    %pushi/vec4 5, 0, 3;
    %cmp/e;
    %flag_get/vec4 4;
    %and;
T_0.31;
    %flag_set/vec4 9;
    %flag_or 8, 9;
T_0.27;
    %jmp/0xz  T_0.25, 8;
    %pushi/vec4 1, 0, 1;
    %store/vec4 v0000024a3f0b4910_0, 0, 1;
    %pushi/vec4 1, 0, 1;
    %store/vec4 v0000024a3f083040_0, 0, 1;
    %pushi/vec4 3, 0, 3;
    %store/vec4 v0000024a3f0834f0_0, 0, 3;
T_0.25 ;
T_0.19 ;
    %jmp T_0.9;
T_0.4 ;
    %load/vec4 v0000024a3f082d20_0;
    %dup/vec4;
    %pushi/vec4 0, 0, 3;
    %cmp/u;
    %jmp/1 T_0.32, 6;
    %dup/vec4;
    %pushi/vec4 1, 0, 3;
    %cmp/u;
    %jmp/1 T_0.33, 6;
    %dup/vec4;
    %pushi/vec4 2, 0, 3;
    %cmp/u;
    %jmp/1 T_0.34, 6;
    %jmp T_0.35;
T_0.32 ;
    %pushi/vec4 1, 0, 1;
    %store/vec4 v0000024a3f082fa0_0, 0, 1;
    %pushi/vec4 1, 0, 1;
    %store/vec4 v0000024a3f083040_0, 0, 1;
    %pushi/vec4 4, 0, 3;
    %store/vec4 v0000024a3f0834f0_0, 0, 3;
    %jmp T_0.35;
T_0.33 ;
    %pushi/vec4 1, 0, 1;
    %store/vec4 v0000024a3f082fa0_0, 0, 1;
    %pushi/vec4 1, 0, 1;
    %store/vec4 v0000024a3f083040_0, 0, 1;
    %pushi/vec4 4, 0, 3;
    %store/vec4 v0000024a3f0834f0_0, 0, 3;
    %jmp T_0.35;
T_0.34 ;
    %pushi/vec4 1, 0, 1;
    %store/vec4 v0000024a3f082fa0_0, 0, 1;
    %pushi/vec4 1, 0, 1;
    %store/vec4 v0000024a3f083040_0, 0, 1;
    %pushi/vec4 4, 0, 3;
    %store/vec4 v0000024a3f0834f0_0, 0, 3;
    %jmp T_0.35;
T_0.35 ;
    %pop/vec4 1;
    %jmp T_0.9;
T_0.5 ;
    %pushi/vec4 1, 0, 1;
    %store/vec4 v0000024a3f0b4910_0, 0, 1;
    %pushi/vec4 1, 0, 1;
    %store/vec4 v0000024a3f083040_0, 0, 1;
    %pushi/vec4 5, 0, 3;
    %store/vec4 v0000024a3f0834f0_0, 0, 3;
    %jmp T_0.9;
T_0.6 ;
    %pushi/vec4 1, 0, 1;
    %store/vec4 v0000024a3f0b4910_0, 0, 1;
    %pushi/vec4 1, 0, 1;
    %store/vec4 v0000024a3f083040_0, 0, 1;
    %pushi/vec4 1, 0, 1;
    %store/vec4 v0000024a3f0830e0_0, 0, 1;
    %pushi/vec4 4, 0, 3;
    %store/vec4 v0000024a3f0834f0_0, 0, 3;
    %jmp T_0.9;
T_0.7 ;
    %load/vec4 v0000024a3f082d20_0;
    %cmpi/e 0, 0, 3;
    %jmp/1 T_0.42, 4;
    %flag_mov 8, 4;
    %load/vec4 v0000024a3f082d20_0;
    %cmpi/e 1, 0, 3;
    %flag_or 4, 8;
T_0.42;
    %jmp/1 T_0.41, 4;
    %flag_mov 8, 4;
    %load/vec4 v0000024a3f082d20_0;
    %cmpi/e 4, 0, 3;
    %flag_or 4, 8;
T_0.41;
    %jmp/1 T_0.40, 4;
    %flag_mov 8, 4;
    %load/vec4 v0000024a3f082d20_0;
    %cmpi/e 5, 0, 3;
    %flag_or 4, 8;
T_0.40;
    %jmp/1 T_0.39, 4;
    %flag_mov 8, 4;
    %load/vec4 v0000024a3f082d20_0;
    %cmpi/e 6, 0, 3;
    %flag_or 4, 8;
T_0.39;
    %jmp/1 T_0.38, 4;
    %flag_mov 8, 4;
    %load/vec4 v0000024a3f082d20_0;
    %cmpi/e 7, 0, 3;
    %flag_or 4, 8;
T_0.38;
    %jmp/0xz  T_0.36, 4;
    %pushi/vec4 1, 0, 1;
    %store/vec4 v0000024a3f0cc1d0_0, 0, 1;
    %pushi/vec4 1, 0, 1;
    %store/vec4 v0000024a3f0830e0_0, 0, 1;
    %pushi/vec4 1, 0, 1;
    %store/vec4 v0000024a3f083040_0, 0, 1;
    %pushi/vec4 4, 0, 3;
    %store/vec4 v0000024a3f0834f0_0, 0, 3;
T_0.36 ;
    %jmp T_0.9;
T_0.8 ;
    %pushi/vec4 1, 0, 1;
    %store/vec4 v0000024a3f082e60_0, 0, 1;
    %pushi/vec4 1, 0, 1;
    %store/vec4 v0000024a3f0b4730_0, 0, 1;
    %pushi/vec4 1, 0, 1;
    %store/vec4 v0000024a3f0830e0_0, 0, 1;
    %pushi/vec4 1, 0, 1;
    %store/vec4 v0000024a3f083040_0, 0, 1;
    %pushi/vec4 1, 0, 1;
    %store/vec4 v0000024a3f0b4910_0, 0, 1;
    %pushi/vec4 4, 0, 3;
    %store/vec4 v0000024a3f0834f0_0, 0, 3;
    %jmp T_0.9;
T_0.9 ;
    %pop/vec4 1;
    %jmp T_0;
    .thread T_0, $push;
    .scope S_0000024a3f06c7b0;
T_1 ;
    %pushi/vec4 0, 0, 7;
    %store/vec4 v0000024a3f128b10_0, 0, 7;
    %pushi/vec4 0, 0, 3;
    %store/vec4 v0000024a3f0b4a50_0, 0, 3;
    %pushi/vec4 0, 0, 7;
    %store/vec4 v0000024a3f129510_0, 0, 7;
    %vpi_call 2 44 "$dumpfile", "control_unit_tb.vcd" {0 0 0};
    %vpi_call 2 45 "$dumpvars", 32'sb00000000000000000000000000000000, S_0000024a3f06c7b0 {0 0 0};
    %delay 10000, 0;
    %pushi/vec4 51, 0, 7;
    %store/vec4 v0000024a3f128b10_0, 0, 7;
    %pushi/vec4 0, 0, 3;
    %store/vec4 v0000024a3f0b4a50_0, 0, 3;
    %pushi/vec4 0, 0, 7;
    %store/vec4 v0000024a3f129510_0, 0, 7;
    %delay 10000, 0;
    %pushi/vec4 0, 0, 3;
    %store/vec4 v0000024a3f0b4a50_0, 0, 3;
    %pushi/vec4 32, 0, 7;
    %store/vec4 v0000024a3f129510_0, 0, 7;
    %delay 10000, 0;
    %pushi/vec4 1, 0, 3;
    %store/vec4 v0000024a3f0b4a50_0, 0, 3;
    %pushi/vec4 0, 0, 7;
    %store/vec4 v0000024a3f129510_0, 0, 7;
    %delay 10000, 0;
    %pushi/vec4 2, 0, 3;
    %store/vec4 v0000024a3f0b4a50_0, 0, 3;
    %pushi/vec4 0, 0, 7;
    %store/vec4 v0000024a3f129510_0, 0, 7;
    %delay 10000, 0;
    %pushi/vec4 3, 0, 3;
    %store/vec4 v0000024a3f0b4a50_0, 0, 3;
    %pushi/vec4 0, 0, 7;
    %store/vec4 v0000024a3f129510_0, 0, 7;
    %delay 10000, 0;
    %pushi/vec4 4, 0, 3;
    %store/vec4 v0000024a3f0b4a50_0, 0, 3;
    %pushi/vec4 0, 0, 7;
    %store/vec4 v0000024a3f129510_0, 0, 7;
    %delay 10000, 0;
    %pushi/vec4 5, 0, 3;
    %store/vec4 v0000024a3f0b4a50_0, 0, 3;
    %pushi/vec4 0, 0, 7;
    %store/vec4 v0000024a3f129510_0, 0, 7;
    %delay 10000, 0;
    %pushi/vec4 5, 0, 3;
    %store/vec4 v0000024a3f0b4a50_0, 0, 3;
    %pushi/vec4 32, 0, 7;
    %store/vec4 v0000024a3f129510_0, 0, 7;
    %delay 10000, 0;
    %pushi/vec4 6, 0, 3;
    %store/vec4 v0000024a3f0b4a50_0, 0, 3;
    %pushi/vec4 0, 0, 7;
    %store/vec4 v0000024a3f129510_0, 0, 7;
    %delay 10000, 0;
    %pushi/vec4 7, 0, 3;
    %store/vec4 v0000024a3f0b4a50_0, 0, 3;
    %pushi/vec4 0, 0, 7;
    %store/vec4 v0000024a3f129510_0, 0, 7;
    %delay 10000, 0;
    %pushi/vec4 3, 0, 7;
    %store/vec4 v0000024a3f128b10_0, 0, 7;
    %pushi/vec4 0, 0, 3;
    %store/vec4 v0000024a3f0b4a50_0, 0, 3;
    %delay 10000, 0;
    %pushi/vec4 1, 0, 3;
    %store/vec4 v0000024a3f0b4a50_0, 0, 3;
    %delay 10000, 0;
    %pushi/vec4 2, 0, 3;
    %store/vec4 v0000024a3f0b4a50_0, 0, 3;
    %delay 10000, 0;
    %pushi/vec4 4, 0, 3;
    %store/vec4 v0000024a3f0b4a50_0, 0, 3;
    %delay 10000, 0;
    %pushi/vec4 5, 0, 3;
    %store/vec4 v0000024a3f0b4a50_0, 0, 3;
    %delay 10000, 0;
    %pushi/vec4 103, 0, 7;
    %store/vec4 v0000024a3f128b10_0, 0, 7;
    %pushi/vec4 0, 0, 3;
    %store/vec4 v0000024a3f0b4a50_0, 0, 3;
    %delay 10000, 0;
    %pushi/vec4 19, 0, 7;
    %store/vec4 v0000024a3f128b10_0, 0, 7;
    %pushi/vec4 0, 0, 3;
    %store/vec4 v0000024a3f0b4a50_0, 0, 3;
    %delay 10000, 0;
    %pushi/vec4 2, 0, 3;
    %store/vec4 v0000024a3f0b4a50_0, 0, 3;
    %delay 10000, 0;
    %pushi/vec4 3, 0, 3;
    %store/vec4 v0000024a3f0b4a50_0, 0, 3;
    %delay 10000, 0;
    %pushi/vec4 4, 0, 3;
    %store/vec4 v0000024a3f0b4a50_0, 0, 3;
    %delay 10000, 0;
    %pushi/vec4 6, 0, 3;
    %store/vec4 v0000024a3f0b4a50_0, 0, 3;
    %delay 10000, 0;
    %pushi/vec4 7, 0, 3;
    %store/vec4 v0000024a3f0b4a50_0, 0, 3;
    %delay 10000, 0;
    %pushi/vec4 1, 0, 3;
    %store/vec4 v0000024a3f0b4a50_0, 0, 3;
    %pushi/vec4 0, 0, 7;
    %store/vec4 v0000024a3f129510_0, 0, 7;
    %delay 10000, 0;
    %pushi/vec4 5, 0, 3;
    %store/vec4 v0000024a3f0b4a50_0, 0, 3;
    %pushi/vec4 0, 0, 7;
    %store/vec4 v0000024a3f129510_0, 0, 7;
    %delay 10000, 0;
    %pushi/vec4 5, 0, 3;
    %store/vec4 v0000024a3f0b4a50_0, 0, 3;
    %pushi/vec4 32, 0, 7;
    %store/vec4 v0000024a3f129510_0, 0, 7;
    %delay 10000, 0;
    %pushi/vec4 35, 0, 7;
    %store/vec4 v0000024a3f128b10_0, 0, 7;
    %pushi/vec4 0, 0, 3;
    %store/vec4 v0000024a3f0b4a50_0, 0, 3;
    %delay 10000, 0;
    %pushi/vec4 1, 0, 3;
    %store/vec4 v0000024a3f0b4a50_0, 0, 3;
    %delay 10000, 0;
    %pushi/vec4 2, 0, 3;
    %store/vec4 v0000024a3f0b4a50_0, 0, 3;
    %delay 10000, 0;
    %pushi/vec4 55, 0, 7;
    %store/vec4 v0000024a3f128b10_0, 0, 7;
    %delay 10000, 0;
    %pushi/vec4 23, 0, 7;
    %store/vec4 v0000024a3f128b10_0, 0, 7;
    %delay 10000, 0;
    %pushi/vec4 99, 0, 7;
    %store/vec4 v0000024a3f128b10_0, 0, 7;
    %pushi/vec4 0, 0, 3;
    %store/vec4 v0000024a3f0b4a50_0, 0, 3;
    %delay 10000, 0;
    %pushi/vec4 1, 0, 3;
    %store/vec4 v0000024a3f0b4a50_0, 0, 3;
    %delay 10000, 0;
    %pushi/vec4 4, 0, 3;
    %store/vec4 v0000024a3f0b4a50_0, 0, 3;
    %delay 10000, 0;
    %pushi/vec4 5, 0, 3;
    %store/vec4 v0000024a3f0b4a50_0, 0, 3;
    %delay 10000, 0;
    %pushi/vec4 6, 0, 3;
    %store/vec4 v0000024a3f0b4a50_0, 0, 3;
    %delay 10000, 0;
    %pushi/vec4 7, 0, 3;
    %store/vec4 v0000024a3f0b4a50_0, 0, 3;
    %delay 10000, 0;
    %pushi/vec4 111, 0, 7;
    %store/vec4 v0000024a3f128b10_0, 0, 7;
    %delay 10000, 0;
    %pushi/vec4 19, 0, 7;
    %store/vec4 v0000024a3f128b10_0, 0, 7;
    %pushi/vec4 0, 0, 3;
    %store/vec4 v0000024a3f0b4a50_0, 0, 3;
    %delay 10000, 0;
    %vpi_call 2 110 "$finish" {0 0 0};
    %end;
    .thread T_1;
# The file index is used to find the file name in the following table.
:file_names 4;
    "N/A";
    "<interactive>";
    "control_unit_tb.v";
    "./../../rtl/control_unit/control_unit.v";
