#! /c/Source/iverilog-install/bin/vvp
:ivl_version "12.0 (devel)" "(s20150603-1539-g2693dd32b)";
:ivl_delay_selection "TYPICAL";
:vpi_time_precision + 0;
:vpi_module "C:\iverilog\lib\ivl\system.vpi";
:vpi_module "C:\iverilog\lib\ivl\vhdl_sys.vpi";
:vpi_module "C:\iverilog\lib\ivl\vhdl_textio.vpi";
:vpi_module "C:\iverilog\lib\ivl\v2005_math.vpi";
:vpi_module "C:\iverilog\lib\ivl\va_math.vpi";
S_0000015a0ec82df0 .scope module, "register_file" "register_file" 2 1;
 .timescale 0 0;
    .port_info 0 /INPUT 1 "CLK";
    .port_info 1 /INPUT 1 "RST";
    .port_info 2 /INPUT 1 "WRITE_ENABLE";
    .port_info 3 /INPUT 5 "READ_REG_1";
    .port_info 4 /INPUT 5 "READ_REG_2";
    .port_info 5 /INPUT 5 "WRITE_REG";
    .port_info 6 /INPUT 32 "WRITE_DATA";
    .port_info 7 /OUTPUT 32 "READ_DATA_1";
    .port_info 8 /OUTPUT 32 "READ_DATA_2";
o0000015a0ecbafd8 .functor BUFZ 1, C4<z>; HiZ drive
v0000015a0ec82f80_0 .net "CLK", 0 0, o0000015a0ecbafd8;  0 drivers
v0000015a0ec83020_0 .net "READ_DATA_1", 31 0, L_0000015a0ed009c0;  1 drivers
v0000015a0ecb4530_0 .net "READ_DATA_2", 31 0, L_0000015a0ed01b40;  1 drivers
o0000015a0ecbb068 .functor BUFZ 5, C4<zzzzz>; HiZ drive
v0000015a0ecb48f0_0 .net "READ_REG_1", 4 0, o0000015a0ecbb068;  0 drivers
o0000015a0ecbb098 .functor BUFZ 5, C4<zzzzz>; HiZ drive
v0000015a0ecb4990_0 .net "READ_REG_2", 4 0, o0000015a0ecbb098;  0 drivers
v0000015a0ecb4170 .array "REGISTERS", 0 31, 31 0;
o0000015a0ecbb0c8 .functor BUFZ 1, C4<z>; HiZ drive
v0000015a0ecb4cb0_0 .net "RST", 0 0, o0000015a0ecbb0c8;  0 drivers
o0000015a0ecbb0f8 .functor BUFZ 32, C4<zzzzzzzzzzzzzzzzzzzzzzzzzzzzzzzz>; HiZ drive
v0000015a0ecb4a30_0 .net "WRITE_DATA", 31 0, o0000015a0ecbb0f8;  0 drivers
o0000015a0ecbb128 .functor BUFZ 1, C4<z>; HiZ drive
v0000015a0ecb4850_0 .net "WRITE_ENABLE", 0 0, o0000015a0ecbb128;  0 drivers
o0000015a0ecbb158 .functor BUFZ 5, C4<zzzzz>; HiZ drive
v0000015a0ecb3db0_0 .net "WRITE_REG", 4 0, o0000015a0ecbb158;  0 drivers
v0000015a0ecb45d0_0 .net *"_ivl_0", 31 0, L_0000015a0ed01780;  1 drivers
v0000015a0ecb3ef0_0 .net *"_ivl_10", 6 0, L_0000015a0ed01000;  1 drivers
L_0000015a0ed01cf8 .functor BUFT 1, C4<00>, C4<0>, C4<0>, C4<0>;
v0000015a0ecb4b70_0 .net *"_ivl_13", 1 0, L_0000015a0ed01cf8;  1 drivers
L_0000015a0ed01d40 .functor BUFT 1, C4<00000000000000000000000000000000>, C4<0>, C4<0>, C4<0>;
v0000015a0ecb3e50_0 .net/2u *"_ivl_14", 31 0, L_0000015a0ed01d40;  1 drivers
v0000015a0ecb40d0_0 .net *"_ivl_18", 31 0, L_0000015a0ed00a60;  1 drivers
L_0000015a0ed01d88 .functor BUFT 1, C4<000000000000000000000000000>, C4<0>, C4<0>, C4<0>;
v0000015a0ecb4210_0 .net *"_ivl_21", 26 0, L_0000015a0ed01d88;  1 drivers
L_0000015a0ed01dd0 .functor BUFT 1, C4<00000000000000000000000000000000>, C4<0>, C4<0>, C4<0>;
v0000015a0ecb4ad0_0 .net/2u *"_ivl_22", 31 0, L_0000015a0ed01dd0;  1 drivers
v0000015a0ecb47b0_0 .net *"_ivl_24", 0 0, L_0000015a0ed010a0;  1 drivers
v0000015a0ecb4c10_0 .net *"_ivl_26", 31 0, L_0000015a0ed01140;  1 drivers
v0000015a0ecb4030_0 .net *"_ivl_28", 6 0, L_0000015a0ecffe80;  1 drivers
L_0000015a0ed01c68 .functor BUFT 1, C4<000000000000000000000000000>, C4<0>, C4<0>, C4<0>;
v0000015a0ecb3f90_0 .net *"_ivl_3", 26 0, L_0000015a0ed01c68;  1 drivers
L_0000015a0ed01e18 .functor BUFT 1, C4<00>, C4<0>, C4<0>, C4<0>;
v0000015a0ecb42b0_0 .net *"_ivl_31", 1 0, L_0000015a0ed01e18;  1 drivers
L_0000015a0ed01e60 .functor BUFT 1, C4<00000000000000000000000000000000>, C4<0>, C4<0>, C4<0>;
v0000015a0ecb4710_0 .net/2u *"_ivl_32", 31 0, L_0000015a0ed01e60;  1 drivers
L_0000015a0ed01cb0 .functor BUFT 1, C4<00000000000000000000000000000000>, C4<0>, C4<0>, C4<0>;
v0000015a0ecb4350_0 .net/2u *"_ivl_4", 31 0, L_0000015a0ed01cb0;  1 drivers
v0000015a0ecb43f0_0 .net *"_ivl_6", 0 0, L_0000015a0ed00b00;  1 drivers
v0000015a0ecb4490_0 .net *"_ivl_8", 31 0, L_0000015a0ed01aa0;  1 drivers
v0000015a0ecb4670_0 .var/i "i", 31 0;
E_0000015a0ec690d0 .event posedge, v0000015a0ec82f80_0;
L_0000015a0ed01780 .concat [ 5 27 0 0], o0000015a0ecbb068, L_0000015a0ed01c68;
L_0000015a0ed00b00 .cmp/ne 32, L_0000015a0ed01780, L_0000015a0ed01cb0;
L_0000015a0ed01aa0 .array/port v0000015a0ecb4170, L_0000015a0ed01000;
L_0000015a0ed01000 .concat [ 5 2 0 0], o0000015a0ecbb068, L_0000015a0ed01cf8;
L_0000015a0ed009c0 .functor MUXZ 32, L_0000015a0ed01d40, L_0000015a0ed01aa0, L_0000015a0ed00b00, C4<>;
L_0000015a0ed00a60 .concat [ 5 27 0 0], o0000015a0ecbb098, L_0000015a0ed01d88;
L_0000015a0ed010a0 .cmp/ne 32, L_0000015a0ed00a60, L_0000015a0ed01dd0;
L_0000015a0ed01140 .array/port v0000015a0ecb4170, L_0000015a0ecffe80;
L_0000015a0ecffe80 .concat [ 5 2 0 0], o0000015a0ecbb098, L_0000015a0ed01e18;
L_0000015a0ed01b40 .functor MUXZ 32, L_0000015a0ed01e60, L_0000015a0ed01140, L_0000015a0ed010a0, C4<>;
    .scope S_0000015a0ec82df0;
T_0 ;
    %pushi/vec4 0, 0, 32;
    %store/vec4 v0000015a0ecb4670_0, 0, 32;
T_0.0 ;
    %load/vec4 v0000015a0ecb4670_0;
    %cmpi/s 32, 0, 32;
    %jmp/0xz T_0.1, 5;
    %pushi/vec4 0, 0, 32;
    %ix/getv/s 4, v0000015a0ecb4670_0;
    %store/vec4a v0000015a0ecb4170, 4, 0;
    %load/vec4 v0000015a0ecb4670_0;
    %addi 1, 0, 32;
    %store/vec4 v0000015a0ecb4670_0, 0, 32;
    %jmp T_0.0;
T_0.1 ;
    %end;
    .thread T_0;
    .scope S_0000015a0ec82df0;
T_1 ;
    %wait E_0000015a0ec690d0;
    %load/vec4 v0000015a0ecb4cb0_0;
    %flag_set/vec4 8;
    %jmp/0xz  T_1.0, 8;
    %pushi/vec4 0, 0, 32;
    %store/vec4 v0000015a0ecb4670_0, 0, 32;
T_1.2 ;
    %load/vec4 v0000015a0ecb4670_0;
    %cmpi/s 32, 0, 32;
    %jmp/0xz T_1.3, 5;
    %pushi/vec4 0, 0, 32;
    %ix/getv/s 3, v0000015a0ecb4670_0;
    %ix/load 4, 0, 0; Constant delay
    %assign/vec4/a/d v0000015a0ecb4170, 0, 4;
    %load/vec4 v0000015a0ecb4670_0;
    %addi 1, 0, 32;
    %store/vec4 v0000015a0ecb4670_0, 0, 32;
    %jmp T_1.2;
T_1.3 ;
    %jmp T_1.1;
T_1.0 ;
    %load/vec4 v0000015a0ecb4850_0;
    %flag_set/vec4 9;
    %flag_get/vec4 9;
    %jmp/0 T_1.6, 9;
    %load/vec4 v0000015a0ecb3db0_0;
    %pad/u 32;
    %pushi/vec4 0, 0, 32;
    %cmp/ne;
    %flag_get/vec4 4;
    %and;
T_1.6;
    %flag_set/vec4 8;
    %jmp/0xz  T_1.4, 8;
    %load/vec4 v0000015a0ecb4a30_0;
    %load/vec4 v0000015a0ecb3db0_0;
    %pad/u 7;
    %ix/vec4 3;
    %ix/load 4, 0, 0; Constant delay
    %assign/vec4/a/d v0000015a0ecb4170, 0, 4;
T_1.4 ;
T_1.1 ;
    %jmp T_1;
    .thread T_1;
# The file index is used to find the file name in the following table.
:file_names 3;
    "N/A";
    "<interactive>";
    "register_file.v";
